2022-11-28 12:13:23,541 DEBUG scheduler Queued events for site dcodeerp13-14.com
2022-11-28 12:14:23,838 DEBUG scheduler Queued events for site dcodeerp13-14.com
2022-11-28 12:15:51,216 INFO scheduler Scheduled Job Start: erpnext.manufacturing.doctype.bom_update_log.bom_update_log.resume_bom_cost_update_jobs for dcodeerp13-14.com
2022-11-28 12:15:51,230 DEBUG scheduler Queued events for site dcodeerp13-14.com
2022-11-28 12:15:52,084 INFO scheduler Scheduled Job Complete: erpnext.manufacturing.doctype.bom_update_log.bom_update_log.resume_bom_cost_update_jobs for dcodeerp13-14.com
2022-11-28 12:15:52,193 INFO scheduler Scheduled Job Start: frappe.twofactor.delete_all_barcodes_for_users for dcodeerp13-14.com
2022-11-28 12:15:52,598 INFO scheduler Scheduled Job Complete: frappe.twofactor.delete_all_barcodes_for_users for dcodeerp13-14.com
2022-11-28 12:15:52,688 INFO scheduler Scheduled Job Start: frappe.website.doctype.web_page.web_page.check_publish_status for dcodeerp13-14.com
2022-11-28 12:15:53,171 INFO scheduler Scheduled Job Complete: frappe.website.doctype.web_page.web_page.check_publish_status for dcodeerp13-14.com
2022-11-28 12:15:53,282 INFO scheduler Scheduled Job Start: frappe.oauth.delete_oauth2_data for dcodeerp13-14.com
2022-11-28 12:15:53,832 INFO scheduler Scheduled Job Complete: frappe.oauth.delete_oauth2_data for dcodeerp13-14.com
2022-11-28 12:16:51,540 INFO scheduler Scheduled Job Start: erpnext.crm.doctype.social_media_post.social_media_post.process_scheduled_social_media_posts for dcodeerp13-14.com
2022-11-28 12:16:51,756 DEBUG scheduler Queued events for site dcodeerp13-14.com
2022-11-28 12:16:52,137 INFO scheduler Scheduled Job Complete: erpnext.crm.doctype.social_media_post.social_media_post.process_scheduled_social_media_posts for dcodeerp13-14.com
2022-11-28 12:16:52,214 INFO scheduler Scheduled Job Start: erpnext.hr.doctype.interview.interview.send_interview_reminder for dcodeerp13-14.com
2022-11-28 12:16:52,603 INFO scheduler Scheduled Job Complete: erpnext.hr.doctype.interview.interview.send_interview_reminder for dcodeerp13-14.com
2022-11-28 12:16:52,680 INFO scheduler Scheduled Job Start: erpnext.healthcare.doctype.patient_appointment.patient_appointment.send_appointment_reminder for dcodeerp13-14.com
2022-11-28 12:16:53,059 INFO scheduler Scheduled Job Complete: erpnext.healthcare.doctype.patient_appointment.patient_appointment.send_appointment_reminder for dcodeerp13-14.com
2022-11-28 12:16:53,136 INFO scheduler Scheduled Job Start: erpnext.projects.doctype.project.project.project_status_update_reminder for dcodeerp13-14.com
2022-11-28 12:16:53,681 INFO scheduler Scheduled Job Complete: erpnext.projects.doctype.project.project.project_status_update_reminder for dcodeerp13-14.com
2022-11-28 12:16:53,760 INFO scheduler Scheduled Job Start: frappe.monitor.flush for dcodeerp13-14.com
2022-11-28 12:16:54,057 INFO scheduler Scheduled Job Complete: frappe.monitor.flush for dcodeerp13-14.com
2022-11-28 12:16:54,181 INFO scheduler Scheduled Job Start: frappe.utils.global_search.sync_global_search for dcodeerp13-14.com
2022-11-28 12:16:54,488 INFO scheduler Scheduled Job Complete: frappe.utils.global_search.sync_global_search for dcodeerp13-14.com
2022-11-28 12:16:54,577 INFO scheduler Scheduled Job Start: frappe.integrations.doctype.razorpay_settings.razorpay_settings.capture_payment for dcodeerp13-14.com
2022-11-28 12:16:55,048 INFO scheduler Scheduled Job Complete: frappe.integrations.doctype.razorpay_settings.razorpay_settings.capture_payment for dcodeerp13-14.com
2022-11-28 12:16:55,166 INFO scheduler Scheduled Job Start: frappe.email.doctype.email_account.email_account.notify_unreplied for dcodeerp13-14.com
2022-11-28 12:16:55,818 INFO scheduler Scheduled Job Complete: frappe.email.doctype.email_account.email_account.notify_unreplied for dcodeerp13-14.com
2022-11-28 12:16:55,938 INFO scheduler Scheduled Job Start: frappe.email.doctype.email_account.email_account.pull for dcodeerp13-14.com
2022-11-28 12:16:56,247 INFO scheduler Scheduled Job Complete: frappe.email.doctype.email_account.email_account.pull for dcodeerp13-14.com
2022-11-28 12:16:56,329 INFO scheduler Scheduled Job Start: frappe.email.queue.flush for dcodeerp13-14.com
2022-11-28 12:16:56,596 INFO scheduler Scheduled Job Complete: frappe.email.queue.flush for dcodeerp13-14.com
2022-11-28 12:17:52,207 DEBUG scheduler Queued events for site dcodeerp13-14.com
2022-11-28 12:18:52,528 DEBUG scheduler Queued events for site dcodeerp13-14.com
2022-11-28 12:19:52,941 DEBUG scheduler Queued events for site dcodeerp13-14.com
2022-11-28 12:20:53,313 DEBUG scheduler Queued events for site dcodeerp13-14.com
2022-11-28 12:20:53,364 INFO scheduler Scheduled Job Start: erpnext.crm.doctype.social_media_post.social_media_post.process_scheduled_social_media_posts for dcodeerp13-14.com
2022-11-28 12:20:53,756 INFO scheduler Scheduled Job Complete: erpnext.crm.doctype.social_media_post.social_media_post.process_scheduled_social_media_posts for dcodeerp13-14.com
2022-11-28 12:20:53,834 INFO scheduler Scheduled Job Start: erpnext.hr.doctype.interview.interview.send_interview_reminder for dcodeerp13-14.com
2022-11-28 12:20:54,196 INFO scheduler Scheduled Job Complete: erpnext.hr.doctype.interview.interview.send_interview_reminder for dcodeerp13-14.com
2022-11-28 12:20:54,273 INFO scheduler Scheduled Job Start: erpnext.healthcare.doctype.patient_appointment.patient_appointment.send_appointment_reminder for dcodeerp13-14.com
2022-11-28 12:20:54,648 INFO scheduler Scheduled Job Complete: erpnext.healthcare.doctype.patient_appointment.patient_appointment.send_appointment_reminder for dcodeerp13-14.com
2022-11-28 12:20:54,725 INFO scheduler Scheduled Job Start: erpnext.projects.doctype.project.project.project_status_update_reminder for dcodeerp13-14.com
2022-11-28 12:20:55,146 INFO scheduler Scheduled Job Complete: erpnext.projects.doctype.project.project.project_status_update_reminder for dcodeerp13-14.com
2022-11-28 12:20:55,224 INFO scheduler Scheduled Job Start: erpnext.manufacturing.doctype.bom_update_log.bom_update_log.resume_bom_cost_update_jobs for dcodeerp13-14.com
2022-11-28 12:20:55,678 INFO scheduler Scheduled Job Complete: erpnext.manufacturing.doctype.bom_update_log.bom_update_log.resume_bom_cost_update_jobs for dcodeerp13-14.com
2022-11-28 12:20:55,776 INFO scheduler Scheduled Job Start: frappe.monitor.flush for dcodeerp13-14.com
2022-11-28 12:20:55,978 INFO scheduler Scheduled Job Complete: frappe.monitor.flush for dcodeerp13-14.com
2022-11-28 12:20:56,063 INFO scheduler Scheduled Job Start: frappe.utils.global_search.sync_global_search for dcodeerp13-14.com
2022-11-28 12:20:56,255 INFO scheduler Scheduled Job Complete: frappe.utils.global_search.sync_global_search for dcodeerp13-14.com
2022-11-28 12:20:56,336 INFO scheduler Scheduled Job Start: frappe.integrations.doctype.razorpay_settings.razorpay_settings.capture_payment for dcodeerp13-14.com
2022-11-28 12:20:56,711 INFO scheduler Scheduled Job Complete: frappe.integrations.doctype.razorpay_settings.razorpay_settings.capture_payment for dcodeerp13-14.com
2022-11-28 12:20:56,788 INFO scheduler Scheduled Job Start: frappe.email.doctype.email_account.email_account.notify_unreplied for dcodeerp13-14.com
2022-11-28 12:20:57,087 INFO scheduler Scheduled Job Complete: frappe.email.doctype.email_account.email_account.notify_unreplied for dcodeerp13-14.com
2022-11-28 12:20:57,165 INFO scheduler Scheduled Job Start: frappe.email.doctype.email_account.email_account.pull for dcodeerp13-14.com
2022-11-28 12:20:57,497 INFO scheduler Scheduled Job Complete: frappe.email.doctype.email_account.email_account.pull for dcodeerp13-14.com
2022-11-28 12:20:57,573 INFO scheduler Scheduled Job Start: frappe.email.queue.flush for dcodeerp13-14.com
2022-11-28 12:20:57,853 INFO scheduler Scheduled Job Complete: frappe.email.queue.flush for dcodeerp13-14.com
